<?xml version="1.0" encoding="UTF-8"?>
<!-- Generated by org.testng.reporters.JUnitReportReporter -->
<testsuite hostname="DESKTOP-2RN20U1" failures="0" tests="1" name="test.ExtendReportsDemoWithTestNg2" time="10.745" errors="0" timestamp="2024-02-15T21:11:36 BDT" skipped="0">
  <testcase classname="test.ExtendReportsDemoWithTestNg2" name="test3" time="10.745"/>
</testsuite> <!-- test.ExtendReportsDemoWithTestNg2 -->
