<?xml version="1.0" encoding="UTF-8"?>
<!-- Generated by org.testng.reporters.JUnitReportReporter -->
<testsuite hostname="DESKTOP-2RN20U1" failures="0" tests="3" name="demo.TestNgDependencyDemo" time="0.022" errors="0" timestamp="2024-02-28T22:50:40 BDT" skipped="1">
  <testcase classname="demo.TestNgDependencyDemo" name="test3" time="0.019"/>
  <testcase classname="demo.TestNgDependencyDemo" name="test1" time="0.003"/>
  <testcase classname="demo.TestNgDependencyDemo" name="test2">
    <skipped/>
  </testcase> <!-- test2 -->
</testsuite> <!-- demo.TestNgDependencyDemo -->
