<?xml version="1.0" encoding="UTF-8"?>
<!-- Generated by org.testng.reporters.JUnitReportReporter -->
<testsuite hostname="DESKTOP-2RN20U1" failures="0" tests="3" name="listeners.TestNgListenerDemo" time="4.836" errors="0" timestamp="2024-02-24T21:52:45 BDT" skipped="1">
  <testcase classname="listeners.TestNgListenerDemo" name="test2" time="4.821"/>
  <testcase classname="listeners.TestNgListenerDemo" name="test3" time="0.012">
    <skipped/>
  </testcase> <!-- test3 -->
  <testcase classname="listeners.TestNgListenerDemo" name="test1" time="0.003"/>
</testsuite> <!-- listeners.TestNgListenerDemo -->
