<?xml version="1.0" encoding="UTF-8"?>
<!-- Generated by org.testng.reporters.JUnitReportReporter -->
<testsuite hostname="DESKTOP-2RN20U1" failures="0" tests="3" name="demo.TestNGMultiBrowserDemo" time="18.845" errors="0" timestamp="2024-02-26T13:49:54 BDT" skipped="0">
  <testcase classname="demo.TestNGMultiBrowserDemo" name="test1" time="4.663"/>
  <testcase classname="demo.TestNGMultiBrowserDemo" name="test1" time="6.647"/>
  <testcase classname="demo.TestNGMultiBrowserDemo" name="test1" time="7.535"/>
</testsuite> <!-- demo.TestNGMultiBrowserDemo -->
