<?xml version="1.0" encoding="UTF-8"?>
<!-- Generated by org.testng.reporters.JUnitReportReporter -->
<testsuite hostname="DESKTOP-2RN20U1" failures="0" tests="1" name="test.ExtendReportsDemoWithTestNg" time="9.127" errors="0" timestamp="2024-02-15T21:11:36 BDT" skipped="0">
  <testcase classname="test.ExtendReportsDemoWithTestNg" name="test" time="9.127"/>
</testsuite> <!-- test.ExtendReportsDemoWithTestNg -->
