<?xml version="1.0" encoding="UTF-8"?>
<!-- Generated by org.testng.reporters.JUnitReportReporter -->
<testsuite hostname="DESKTOP-2RN20U1" failures="0" tests="1" name="TestNG_Demo" time="4.947" errors="0" timestamp="2024-02-08T21:41:10 BDT" skipped="0">
  <testcase classname="TestNG_Demo" name="googleSerch" time="4.947"/>
</testsuite> <!-- TestNG_Demo -->
