<?xml version="1.0" encoding="UTF-8"?>
<!-- Generated by org.testng.reporters.JUnitReportReporter -->
<testsuite hostname="DESKTOP-2RN20U1" failures="0" tests="1" name="demo.TestNgRecordDemo" time="129.849" errors="0" timestamp="2024-03-03T23:40:26 BDT" skipped="0">
  <testcase classname="demo.TestNgRecordDemo" name="testUntitledTestCase" time="129.849"/>
</testsuite> <!-- demo.TestNgRecordDemo -->
