<?xml version="1.0" encoding="UTF-8"?>
<!-- Generated by org.testng.reporters.JUnitReportReporter -->
<testsuite hostname="DESKTOP-2RN20U1" failures="0" tests="3" name="listeners.TestNgListenerDemo2" time="0.018" errors="0" timestamp="2024-02-24T21:52:45 BDT" skipped="1">
  <testcase classname="listeners.TestNgListenerDemo2" name="test4" time="0.003"/>
  <testcase classname="listeners.TestNgListenerDemo2" name="test6" time="0.009">
    <skipped/>
  </testcase> <!-- test6 -->
  <testcase classname="listeners.TestNgListenerDemo2" name="test5" time="0.006"/>
</testsuite> <!-- listeners.TestNgListenerDemo2 -->
