<?xml version="1.0" encoding="UTF-8"?>
<!-- Generated by org.testng.reporters.JUnitReportReporter -->
<testsuite hostname="DESKTOP-2RN20U1" failures="0" tests="1" name="demo.TestNGParametersDemo" time="0.018" errors="0" timestamp="2024-02-26T22:07:18 BDT" skipped="0">
  <testcase classname="demo.TestNGParametersDemo" name="test" time="0.018"/>
</testsuite> <!-- demo.TestNGParametersDemo -->
